[debug] [2021-11-09T19:01:09.312Z] ----------------------------------------------------------------------
[debug] [2021-11-09T19:01:09.314Z] Command:       C:\Program Files\nodejs\node.exe C:\Users\johnn\AppData\Roaming\npm\node_modules\firebase-tools\lib\bin\firebase.js emulators:start --only functions
[debug] [2021-11-09T19:01:09.314Z] CLI Version:   9.18.0
[debug] [2021-11-09T19:01:09.314Z] Platform:      win32
[debug] [2021-11-09T19:01:09.314Z] Node Version:  v12.18.3
[debug] [2021-11-09T19:01:09.315Z] Time:          Tue Nov 09 2021 20:01:09 GMT+0100 (GMT+01:00)
[debug] [2021-11-09T19:01:09.315Z] ----------------------------------------------------------------------
[debug] 
[debug] [2021-11-09T19:01:09.356Z] > command requires scopes: ["email","openid","https://www.googleapis.com/auth/cloudplatformprojects.readonly","https://www.googleapis.com/auth/firebase","https://www.googleapis.com/auth/cloud-platform"]
[debug] [2021-11-09T19:01:09.357Z] > authorizing via signed-in user (johnnybacklund@hotmail.com)
[info] i  emulators: Starting emulators: functions {"metadata":{"emulator":{"name":"hub"},"message":"Starting emulators: functions"}}
[debug] [2021-11-09T19:01:11.406Z] [hub] writing locator at C:\Users\johnn\AppData\Local\Temp\hub-persona-5c2e8.json
[warn] !  functions: The following emulators are not running, calls to these services from the Functions emulator will affect production: auth, firestore, database, hosting, pubsub, storage {"metadata":{"emulator":{"name":"functions"},"message":"The following emulators are not running, calls to these services from the Functions emulator will affect production: \u001b[1mauth, firestore, database, hosting, pubsub, storage\u001b[22m"}}
[info] +  functions: Using node@12 from host. {"metadata":{"emulator":{"name":"functions"},"message":"Using node@12 from host."}}
[debug] [2021-11-09T19:01:13.462Z] defaultcredentials: writing to file C:\Users\johnn\AppData\Roaming\firebase\johnnybacklund_hotmail_com_application_default_credentials.json
[debug] [2021-11-09T19:01:13.463Z] Setting GAC to C:\Users\johnn\AppData\Roaming\firebase\johnnybacklund_hotmail_com_application_default_credentials.json {"metadata":{"emulator":{"name":"functions"},"message":"Setting GAC to C:\\Users\\johnn\\AppData\\Roaming\\firebase\\johnnybacklund_hotmail_com_application_default_credentials.json"}}
[debug] [2021-11-09T19:01:13.465Z] >>> [apiv2][query] GET https://firebase.googleapis.com/v1beta1/projects/persona-5c2e8/adminSdkConfig [none]
[debug] [2021-11-09T19:01:13.788Z] <<< [apiv2][status] GET https://firebase.googleapis.com/v1beta1/projects/persona-5c2e8/adminSdkConfig 200
[debug] [2021-11-09T19:01:13.788Z] <<< [apiv2][body] GET https://firebase.googleapis.com/v1beta1/projects/persona-5c2e8/adminSdkConfig {"projectId":"persona-5c2e8","storageBucket":"persona-5c2e8.appspot.com","locationId":"europe-west"}
[debug] [2021-11-09T19:01:17.899Z] Ignoring unsupported arg: auto_download {"metadata":{"emulator":{"name":"ui"},"message":"Ignoring unsupported arg: auto_download"}}
[debug] [2021-11-09T19:01:17.899Z] Ignoring unsupported arg: port {"metadata":{"emulator":{"name":"ui"},"message":"Ignoring unsupported arg: port"}}
[debug] [2021-11-09T19:01:17.899Z] Starting Emulator UI with command {"binary":"node","args":["C:\\Users\\johnn\\.cache\\firebase\\emulators\\ui-v1.6.3\\server.bundle.js"],"optionalArgs":[],"joinArgs":false} {"metadata":{"emulator":{"name":"ui"},"message":"Starting Emulator UI with command {\"binary\":\"node\",\"args\":[\"C:\\\\Users\\\\johnn\\\\.cache\\\\firebase\\\\emulators\\\\ui-v1.6.3\\\\server.bundle.js\"],\"optionalArgs\":[],\"joinArgs\":false}"}}
[info] i  ui: Emulator UI logging to ui-debug.log {"metadata":{"emulator":{"name":"ui"},"message":"Emulator UI logging to \u001b[1mui-debug.log\u001b[22m"}}
[debug] [2021-11-09T19:01:17.989Z] Web / API server started at localhost:4000
 {"metadata":{"emulator":{"name":"ui"},"message":"Web / API server started at localhost:4000\n"}}
[info] i  functions: Watching "C:\Webbprojekt\persona_deploy\functions" for Cloud Functions... {"metadata":{"emulator":{"name":"functions"},"message":"Watching \"C:\\Webbprojekt\\persona_deploy\\functions\" for Cloud Functions..."}}
[debug] [2021-11-09T19:01:18.423Z] [worker-pool] addWorker(~diagnostic~) {"metadata":{"emulator":{"name":"functions"},"message":"[worker-pool] addWorker(~diagnostic~)"}}
[debug] [2021-11-09T19:01:18.423Z] [worker-pool] Adding worker with key ~diagnostic~, total=1 {"metadata":{"emulator":{"name":"functions"},"message":"[worker-pool] Adding worker with key ~diagnostic~, total=1"}}
[debug] [2021-11-09T19:01:18.424Z] [worker-pool] submitWork(triggerId=) {"metadata":{"emulator":{"name":"functions"},"message":"[worker-pool] submitWork(triggerId=)"}}
[debug] [2021-11-09T19:01:18.424Z] [worker-~diagnostic~-9cc9b692-820d-4d9b-b615-3488a1a9b91f]: Assigning socketPath: \\?\pipe\C:\Webbprojekt\persona_deploy\functions\11260 {"metadata":{"emulator":{"name":"functions"},"message":"[worker-~diagnostic~-9cc9b692-820d-4d9b-b615-3488a1a9b91f]: Assigning socketPath: \\\\?\\pipe\\C:\\Webbprojekt\\persona_deploy\\functions\\11260"}}
[debug] [2021-11-09T19:01:18.424Z] [worker-~diagnostic~-9cc9b692-820d-4d9b-b615-3488a1a9b91f]: BUSY {"metadata":{"emulator":{"name":"functions"},"message":"[worker-~diagnostic~-9cc9b692-820d-4d9b-b615-3488a1a9b91f]: BUSY"}}
[debug] [2021-11-09T19:01:18.767Z] [runtime-status] [11260] Functions runtime initialized. {"cwd":"C:\\Webbprojekt\\persona_deploy\\functions","node_version":"12.18.3"} {"metadata":{"emulator":{"name":"functions"},"message":"[runtime-status] [11260] Functions runtime initialized. {\"cwd\":\"C:\\\\Webbprojekt\\\\persona_deploy\\\\functions\",\"node_version\":\"12.18.3\"}"}}
[debug] [2021-11-09T19:01:18.768Z] [runtime-status] [11260] Disabled runtime features: undefined {"metadata":{"emulator":{"name":"functions"},"message":"[runtime-status] [11260] Disabled runtime features: undefined"}}
[debug] [2021-11-09T19:01:18.771Z] [runtime-status] [11260] Resolved module firebase-admin {"declared":true,"installed":true,"version":"9.12.0","resolution":"C:\\Webbprojekt\\persona_deploy\\functions\\node_modules\\firebase-admin\\lib\\index.js"} {"metadata":{"emulator":{"name":"functions"},"message":"[runtime-status] [11260] Resolved module firebase-admin {\"declared\":true,\"installed\":true,\"version\":\"9.12.0\",\"resolution\":\"C:\\\\Webbprojekt\\\\persona_deploy\\\\functions\\\\node_modules\\\\firebase-admin\\\\lib\\\\index.js\"}"}}
[debug] [2021-11-09T19:01:18.774Z] [runtime-status] [11260] Resolved module firebase-functions {"declared":true,"installed":true,"version":"3.16.0","resolution":"C:\\Webbprojekt\\persona_deploy\\functions\\node_modules\\firebase-functions\\lib\\index.js"} {"metadata":{"emulator":{"name":"functions"},"message":"[runtime-status] [11260] Resolved module firebase-functions {\"declared\":true,\"installed\":true,\"version\":\"3.16.0\",\"resolution\":\"C:\\\\Webbprojekt\\\\persona_deploy\\\\functions\\\\node_modules\\\\firebase-functions\\\\lib\\\\index.js\"}"}}
[debug] [2021-11-09T19:01:18.775Z] [runtime-status] [11260] Resolved module firebase-functions {"declared":true,"installed":true,"version":"3.16.0","resolution":"C:\\Webbprojekt\\persona_deploy\\functions\\node_modules\\firebase-functions\\lib\\index.js"} {"metadata":{"emulator":{"name":"functions"},"message":"[runtime-status] [11260] Resolved module firebase-functions {\"declared\":true,\"installed\":true,\"version\":\"3.16.0\",\"resolution\":\"C:\\\\Webbprojekt\\\\persona_deploy\\\\functions\\\\node_modules\\\\firebase-functions\\\\lib\\\\index.js\"}"}}
[debug] [2021-11-09T19:01:18.776Z] [runtime-status] [11260] Outgoing network have been stubbed. [{"name":"http","status":"mocked"},{"name":"http","status":"mocked"},{"name":"https","status":"mocked"},{"name":"https","status":"mocked"},{"name":"net","status":"mocked"}] {"metadata":{"emulator":{"name":"functions"},"message":"[runtime-status] [11260] Outgoing network have been stubbed. [{\"name\":\"http\",\"status\":\"mocked\"},{\"name\":\"http\",\"status\":\"mocked\"},{\"name\":\"https\",\"status\":\"mocked\"},{\"name\":\"https\",\"status\":\"mocked\"},{\"name\":\"net\",\"status\":\"mocked\"}]"}}
[debug] [2021-11-09T19:01:18.777Z] [runtime-status] [11260] Resolved module firebase-functions {"declared":true,"installed":true,"version":"3.16.0","resolution":"C:\\Webbprojekt\\persona_deploy\\functions\\node_modules\\firebase-functions\\lib\\index.js"} {"metadata":{"emulator":{"name":"functions"},"message":"[runtime-status] [11260] Resolved module firebase-functions {\"declared\":true,\"installed\":true,\"version\":\"3.16.0\",\"resolution\":\"C:\\\\Webbprojekt\\\\persona_deploy\\\\functions\\\\node_modules\\\\firebase-functions\\\\lib\\\\index.js\"}"}}
[debug] [2021-11-09T19:01:18.814Z] [runtime-status] [11260] Checked functions.config() {"config":{}} {"metadata":{"emulator":{"name":"functions"},"message":"[runtime-status] [11260] Checked functions.config() {\"config\":{}}"}}
[debug] [2021-11-09T19:01:18.815Z] [runtime-status] [11260] firebase-functions has been stubbed. {"functionsResolution":{"declared":true,"installed":true,"version":"3.16.0","resolution":"C:\\Webbprojekt\\persona_deploy\\functions\\node_modules\\firebase-functions\\lib\\index.js"}} {"metadata":{"emulator":{"name":"functions"},"message":"[runtime-status] [11260] firebase-functions has been stubbed. {\"functionsResolution\":{\"declared\":true,\"installed\":true,\"version\":\"3.16.0\",\"resolution\":\"C:\\\\Webbprojekt\\\\persona_deploy\\\\functions\\\\node_modules\\\\firebase-functions\\\\lib\\\\index.js\"}}"}}
[debug] [2021-11-09T19:01:18.815Z] [runtime-status] [11260] Resolved module firebase-functions {"declared":true,"installed":true,"version":"3.16.0","resolution":"C:\\Webbprojekt\\persona_deploy\\functions\\node_modules\\firebase-functions\\lib\\index.js"} {"metadata":{"emulator":{"name":"functions"},"message":"[runtime-status] [11260] Resolved module firebase-functions {\"declared\":true,\"installed\":true,\"version\":\"3.16.0\",\"resolution\":\"C:\\\\Webbprojekt\\\\persona_deploy\\\\functions\\\\node_modules\\\\firebase-functions\\\\lib\\\\index.js\"}"}}
[debug] [2021-11-09T19:01:18.816Z] [runtime-status] [11260] Resolved module firebase-admin {"declared":true,"installed":true,"version":"9.12.0","resolution":"C:\\Webbprojekt\\persona_deploy\\functions\\node_modules\\firebase-admin\\lib\\index.js"} {"metadata":{"emulator":{"name":"functions"},"message":"[runtime-status] [11260] Resolved module firebase-admin {\"declared\":true,\"installed\":true,\"version\":\"9.12.0\",\"resolution\":\"C:\\\\Webbprojekt\\\\persona_deploy\\\\functions\\\\node_modules\\\\firebase-admin\\\\lib\\\\index.js\"}"}}
[debug] [2021-11-09T19:01:18.817Z] [runtime-status] [11260] Resolved module firebase-functions {"declared":true,"installed":true,"version":"3.16.0","resolution":"C:\\Webbprojekt\\persona_deploy\\functions\\node_modules\\firebase-functions\\lib\\index.js"} {"metadata":{"emulator":{"name":"functions"},"message":"[runtime-status] [11260] Resolved module firebase-functions {\"declared\":true,\"installed\":true,\"version\":\"3.16.0\",\"resolution\":\"C:\\\\Webbprojekt\\\\persona_deploy\\\\functions\\\\node_modules\\\\firebase-functions\\\\lib\\\\index.js\"}"}}
[debug] [2021-11-09T19:01:18.817Z] [runtime-status] [11260] firebase-admin has been stubbed. {"adminResolution":{"declared":true,"installed":true,"version":"9.12.0","resolution":"C:\\Webbprojekt\\persona_deploy\\functions\\node_modules\\firebase-admin\\lib\\index.js"}} {"metadata":{"emulator":{"name":"functions"},"message":"[runtime-status] [11260] firebase-admin has been stubbed. {\"adminResolution\":{\"declared\":true,\"installed\":true,\"version\":\"9.12.0\",\"resolution\":\"C:\\\\Webbprojekt\\\\persona_deploy\\\\functions\\\\node_modules\\\\firebase-admin\\\\lib\\\\index.js\"}}"}}
[info] +  functions[us-central1-api]: http function initialized (http://localhost:5001/persona-5c2e8/us-central1/api). {"metadata":{"emulator":{"name":"functions"},"message":"\u001b[1mhttp\u001b[22m function initialized (http://localhost:5001/persona-5c2e8/us-central1/api)."}}
[info] 
┌─────────────────────────────────────────────────────────────┐
│ ✔  All emulators ready! It is now safe to connect your app. │
│ i  View Emulator UI at http://localhost:4000                │
└─────────────────────────────────────────────────────────────┘

┌───────────┬────────────────┬─────────────────────────────────┐
│ Emulator  │ Host:Port      │ View in Emulator UI             │
├───────────┼────────────────┼─────────────────────────────────┤
│ Functions │ localhost:5001 │ http://localhost:4000/functions │
└───────────┴────────────────┴─────────────────────────────────┘
  Emulator Hub running at localhost:4400
  Other reserved ports: 4500

Issues? Report them at https://github.com/firebase/firebase-tools/issues and attach the *-debug.log files.
 
[debug] [2021-11-09T19:01:18.902Z] [worker-~diagnostic~-9cc9b692-820d-4d9b-b615-3488a1a9b91f]: IDLE {"metadata":{"emulator":{"name":"functions"},"message":"[worker-~diagnostic~-9cc9b692-820d-4d9b-b615-3488a1a9b91f]: IDLE"}}
[debug] [2021-11-09T19:02:41.221Z] [work-queue] {"queueLength":1,"workRunningCount":0}
[debug] [2021-11-09T19:02:41.221Z] [work-queue] {"queueLength":0,"workRunningCount":1}
[debug] [2021-11-09T19:02:41.221Z] Accepted request OPTIONS /persona-5c2e8/us-central1/api/results --> us-central1-api
[debug] [2021-11-09T19:02:41.228Z] [worker-pool] addWorker(us-central1-api) {"metadata":{"emulator":{"name":"functions"},"message":"[worker-pool] addWorker(us-central1-api)"}}
[debug] [2021-11-09T19:02:41.228Z] [worker-pool] Adding worker with key us-central1-api, total=1 {"metadata":{"emulator":{"name":"functions"},"message":"[worker-pool] Adding worker with key us-central1-api, total=1"}}
[debug] [2021-11-09T19:02:41.228Z] [worker-pool] submitWork(triggerId=us-central1-api) {"metadata":{"emulator":{"name":"functions"},"message":"[worker-pool] submitWork(triggerId=us-central1-api)"}}
[debug] [2021-11-09T19:02:41.228Z] [worker-us-central1-api-9389bddb-aec5-4fb1-ae4c-e4294eaaa26f]: Assigning socketPath: \\?\pipe\C:\Webbprojekt\persona_deploy\functions\2548 {"metadata":{"emulator":{"name":"functions"},"message":"[worker-us-central1-api-9389bddb-aec5-4fb1-ae4c-e4294eaaa26f]: Assigning socketPath: \\\\?\\pipe\\C:\\Webbprojekt\\persona_deploy\\functions\\2548"}}
[debug] [2021-11-09T19:02:41.228Z] [worker-us-central1-api-9389bddb-aec5-4fb1-ae4c-e4294eaaa26f]: BUSY {"metadata":{"emulator":{"name":"functions"},"message":"[worker-us-central1-api-9389bddb-aec5-4fb1-ae4c-e4294eaaa26f]: BUSY"}}
[debug] [2021-11-09T19:02:41.586Z] [runtime-status] [2548] Functions runtime initialized. {"cwd":"C:\\Webbprojekt\\persona_deploy\\functions","node_version":"12.18.3"} {"metadata":{"emulator":{"name":"functions"},"function":{"name":"us-central1-api"},"message":"[runtime-status] [2548] Functions runtime initialized. {\"cwd\":\"C:\\\\Webbprojekt\\\\persona_deploy\\\\functions\",\"node_version\":\"12.18.3\"}"}}
[debug] [2021-11-09T19:02:41.587Z] [runtime-status] [2548] Disabled runtime features: undefined {"metadata":{"emulator":{"name":"functions"},"function":{"name":"us-central1-api"},"message":"[runtime-status] [2548] Disabled runtime features: undefined"}}
[debug] [2021-11-09T19:02:41.590Z] [runtime-status] [2548] Resolved module firebase-admin {"declared":true,"installed":true,"version":"9.12.0","resolution":"C:\\Webbprojekt\\persona_deploy\\functions\\node_modules\\firebase-admin\\lib\\index.js"} {"metadata":{"emulator":{"name":"functions"},"function":{"name":"us-central1-api"},"message":"[runtime-status] [2548] Resolved module firebase-admin {\"declared\":true,\"installed\":true,\"version\":\"9.12.0\",\"resolution\":\"C:\\\\Webbprojekt\\\\persona_deploy\\\\functions\\\\node_modules\\\\firebase-admin\\\\lib\\\\index.js\"}"}}
[debug] [2021-11-09T19:02:41.593Z] [runtime-status] [2548] Resolved module firebase-functions {"declared":true,"installed":true,"version":"3.16.0","resolution":"C:\\Webbprojekt\\persona_deploy\\functions\\node_modules\\firebase-functions\\lib\\index.js"} {"metadata":{"emulator":{"name":"functions"},"function":{"name":"us-central1-api"},"message":"[runtime-status] [2548] Resolved module firebase-functions {\"declared\":true,\"installed\":true,\"version\":\"3.16.0\",\"resolution\":\"C:\\\\Webbprojekt\\\\persona_deploy\\\\functions\\\\node_modules\\\\firebase-functions\\\\lib\\\\index.js\"}"}}
[debug] [2021-11-09T19:02:41.594Z] [runtime-status] [2548] Resolved module firebase-functions {"declared":true,"installed":true,"version":"3.16.0","resolution":"C:\\Webbprojekt\\persona_deploy\\functions\\node_modules\\firebase-functions\\lib\\index.js"} {"metadata":{"emulator":{"name":"functions"},"function":{"name":"us-central1-api"},"message":"[runtime-status] [2548] Resolved module firebase-functions {\"declared\":true,\"installed\":true,\"version\":\"3.16.0\",\"resolution\":\"C:\\\\Webbprojekt\\\\persona_deploy\\\\functions\\\\node_modules\\\\firebase-functions\\\\lib\\\\index.js\"}"}}
[debug] [2021-11-09T19:02:41.595Z] [runtime-status] [2548] Outgoing network have been stubbed. [{"name":"http","status":"mocked"},{"name":"http","status":"mocked"},{"name":"https","status":"mocked"},{"name":"https","status":"mocked"},{"name":"net","status":"mocked"}] {"metadata":{"emulator":{"name":"functions"},"function":{"name":"us-central1-api"},"message":"[runtime-status] [2548] Outgoing network have been stubbed. [{\"name\":\"http\",\"status\":\"mocked\"},{\"name\":\"http\",\"status\":\"mocked\"},{\"name\":\"https\",\"status\":\"mocked\"},{\"name\":\"https\",\"status\":\"mocked\"},{\"name\":\"net\",\"status\":\"mocked\"}]"}}
[debug] [2021-11-09T19:02:41.596Z] [runtime-status] [2548] Resolved module firebase-functions {"declared":true,"installed":true,"version":"3.16.0","resolution":"C:\\Webbprojekt\\persona_deploy\\functions\\node_modules\\firebase-functions\\lib\\index.js"} {"metadata":{"emulator":{"name":"functions"},"function":{"name":"us-central1-api"},"message":"[runtime-status] [2548] Resolved module firebase-functions {\"declared\":true,\"installed\":true,\"version\":\"3.16.0\",\"resolution\":\"C:\\\\Webbprojekt\\\\persona_deploy\\\\functions\\\\node_modules\\\\firebase-functions\\\\lib\\\\index.js\"}"}}
[debug] [2021-11-09T19:02:41.633Z] [runtime-status] [2548] Checked functions.config() {"config":{}} {"metadata":{"emulator":{"name":"functions"},"function":{"name":"us-central1-api"},"message":"[runtime-status] [2548] Checked functions.config() {\"config\":{}}"}}
[debug] [2021-11-09T19:02:41.633Z] [runtime-status] [2548] firebase-functions has been stubbed. {"functionsResolution":{"declared":true,"installed":true,"version":"3.16.0","resolution":"C:\\Webbprojekt\\persona_deploy\\functions\\node_modules\\firebase-functions\\lib\\index.js"}} {"metadata":{"emulator":{"name":"functions"},"function":{"name":"us-central1-api"},"message":"[runtime-status] [2548] firebase-functions has been stubbed. {\"functionsResolution\":{\"declared\":true,\"installed\":true,\"version\":\"3.16.0\",\"resolution\":\"C:\\\\Webbprojekt\\\\persona_deploy\\\\functions\\\\node_modules\\\\firebase-functions\\\\lib\\\\index.js\"}}"}}
[debug] [2021-11-09T19:02:41.634Z] [runtime-status] [2548] Resolved module firebase-functions {"declared":true,"installed":true,"version":"3.16.0","resolution":"C:\\Webbprojekt\\persona_deploy\\functions\\node_modules\\firebase-functions\\lib\\index.js"} {"metadata":{"emulator":{"name":"functions"},"function":{"name":"us-central1-api"},"message":"[runtime-status] [2548] Resolved module firebase-functions {\"declared\":true,\"installed\":true,\"version\":\"3.16.0\",\"resolution\":\"C:\\\\Webbprojekt\\\\persona_deploy\\\\functions\\\\node_modules\\\\firebase-functions\\\\lib\\\\index.js\"}"}}
[debug] [2021-11-09T19:02:41.635Z] [runtime-status] [2548] Resolved module firebase-admin {"declared":true,"installed":true,"version":"9.12.0","resolution":"C:\\Webbprojekt\\persona_deploy\\functions\\node_modules\\firebase-admin\\lib\\index.js"} {"metadata":{"emulator":{"name":"functions"},"function":{"name":"us-central1-api"},"message":"[runtime-status] [2548] Resolved module firebase-admin {\"declared\":true,\"installed\":true,\"version\":\"9.12.0\",\"resolution\":\"C:\\\\Webbprojekt\\\\persona_deploy\\\\functions\\\\node_modules\\\\firebase-admin\\\\lib\\\\index.js\"}"}}
[debug] [2021-11-09T19:02:41.636Z] [runtime-status] [2548] Resolved module firebase-functions {"declared":true,"installed":true,"version":"3.16.0","resolution":"C:\\Webbprojekt\\persona_deploy\\functions\\node_modules\\firebase-functions\\lib\\index.js"} {"metadata":{"emulator":{"name":"functions"},"function":{"name":"us-central1-api"},"message":"[runtime-status] [2548] Resolved module firebase-functions {\"declared\":true,\"installed\":true,\"version\":\"3.16.0\",\"resolution\":\"C:\\\\Webbprojekt\\\\persona_deploy\\\\functions\\\\node_modules\\\\firebase-functions\\\\lib\\\\index.js\"}"}}
[debug] [2021-11-09T19:02:41.636Z] [runtime-status] [2548] firebase-admin has been stubbed. {"adminResolution":{"declared":true,"installed":true,"version":"9.12.0","resolution":"C:\\Webbprojekt\\persona_deploy\\functions\\node_modules\\firebase-admin\\lib\\index.js"}} {"metadata":{"emulator":{"name":"functions"},"function":{"name":"us-central1-api"},"message":"[runtime-status] [2548] firebase-admin has been stubbed. {\"adminResolution\":{\"declared\":true,\"installed\":true,\"version\":\"9.12.0\",\"resolution\":\"C:\\\\Webbprojekt\\\\persona_deploy\\\\functions\\\\node_modules\\\\firebase-admin\\\\lib\\\\index.js\"}}"}}
[debug] [2021-11-09T19:02:41.718Z] [runtime-status] [2548] Trigger "us-central1-api" has been found, beginning invocation! {"metadata":{"emulator":{"name":"functions"},"function":{"name":"us-central1-api"},"message":"[runtime-status] [2548] Trigger \"us-central1-api\" has been found, beginning invocation!"}}
[info] i  functions: Beginning execution of "us-central1-api" {"metadata":{"emulator":{"name":"functions"},"function":{"name":"us-central1-api"},"message":"Beginning execution of \"us-central1-api\""}}
[debug] [2021-11-09T19:02:41.719Z] [runtime-status] [2548] triggerDefinition {"httpsTrigger":{},"name":"api","entryPoint":"api","regions":["us-central1"],"region":"us-central1","id":"us-central1-api"} {"metadata":{"emulator":{"name":"functions"},"function":{"name":"us-central1-api"},"message":"[runtime-status] [2548] triggerDefinition {\"httpsTrigger\":{},\"name\":\"api\",\"entryPoint\":\"api\",\"regions\":[\"us-central1\"],\"region\":\"us-central1\",\"id\":\"us-central1-api\"}"}}
[debug] [2021-11-09T19:02:41.719Z] [runtime-status] [2548] Running us-central1-api in mode HTTPS {"metadata":{"emulator":{"name":"functions"},"function":{"name":"us-central1-api"},"message":"[runtime-status] [2548] Running us-central1-api in mode HTTPS"}}
[debug] [2021-11-09T19:02:41.721Z] [runtime-status] [2548] Attempting to listen to socketPath: \\?\pipe\C:\Webbprojekt\persona_deploy\functions\2548 {"metadata":{"emulator":{"name":"functions"},"function":{"name":"us-central1-api"},"message":"[runtime-status] [2548] Attempting to listen to socketPath: \\\\?\\pipe\\C:\\Webbprojekt\\persona_deploy\\functions\\2548"}}
[debug] [2021-11-09T19:02:41.723Z] [functions] Runtime ready! Sending request! {"metadata":{"emulator":{"name":"functions"},"message":"[functions] Runtime ready! Sending request!"}}
[debug] [2021-11-09T19:02:41.723Z] [functions] Got req.url=/persona-5c2e8/us-central1/api/results, mapping to path=/results {"metadata":{"emulator":{"name":"functions"},"message":"[functions] Got req.url=/persona-5c2e8/us-central1/api/results, mapping to path=/results"}}
[debug] [2021-11-09T19:02:41.728Z] [runtime-status] [2548] Ephemeral server handling OPTIONS request {"metadata":{"emulator":{"name":"functions"},"function":{"name":"us-central1-api"},"message":"[runtime-status] [2548] Ephemeral server handling OPTIONS request"}}
[debug] [2021-11-09T19:02:41.731Z] [runtime-status] [2548] Ephemeral server survived. {"metadata":{"emulator":{"name":"functions"},"function":{"name":"us-central1-api"},"message":"[runtime-status] [2548] Ephemeral server survived."}}
[debug] [2021-11-09T19:02:41.732Z] [work-queue] {"queueLength":1,"workRunningCount":1}
[debug] [2021-11-09T19:02:41.732Z] [work-queue] {"queueLength":0,"workRunningCount":2}
[debug] [2021-11-09T19:02:41.732Z] Accepted request POST /persona-5c2e8/us-central1/api/results --> us-central1-api
[debug] [2021-11-09T19:02:41.738Z] [worker-pool] addWorker(us-central1-api) {"metadata":{"emulator":{"name":"functions"},"message":"[worker-pool] addWorker(us-central1-api)"}}
[debug] [2021-11-09T19:02:41.738Z] [worker-pool] Adding worker with key us-central1-api, total=2 {"metadata":{"emulator":{"name":"functions"},"message":"[worker-pool] Adding worker with key us-central1-api, total=2"}}
[debug] [2021-11-09T19:02:41.738Z] [worker-pool] submitWork(triggerId=us-central1-api) {"metadata":{"emulator":{"name":"functions"},"message":"[worker-pool] submitWork(triggerId=us-central1-api)"}}
[debug] [2021-11-09T19:02:41.738Z] [worker-us-central1-api-3f891112-655b-4086-a4b9-f2296d877bac]: Assigning socketPath: \\?\pipe\C:\Webbprojekt\persona_deploy\functions\10296 {"metadata":{"emulator":{"name":"functions"},"message":"[worker-us-central1-api-3f891112-655b-4086-a4b9-f2296d877bac]: Assigning socketPath: \\\\?\\pipe\\C:\\Webbprojekt\\persona_deploy\\functions\\10296"}}
[debug] [2021-11-09T19:02:41.739Z] [worker-us-central1-api-3f891112-655b-4086-a4b9-f2296d877bac]: BUSY {"metadata":{"emulator":{"name":"functions"},"message":"[worker-us-central1-api-3f891112-655b-4086-a4b9-f2296d877bac]: BUSY"}}
[info] i  functions: Finished "us-central1-api" in ~1s {"metadata":{"emulator":{"name":"functions"},"function":{"name":"us-central1-api"},"message":"Finished \"us-central1-api\" in ~1s"}}
[debug] [2021-11-09T19:02:41.739Z] [worker-us-central1-api-9389bddb-aec5-4fb1-ae4c-e4294eaaa26f]: IDLE {"metadata":{"emulator":{"name":"functions"},"message":"[worker-us-central1-api-9389bddb-aec5-4fb1-ae4c-e4294eaaa26f]: IDLE"}}
[debug] [2021-11-09T19:02:41.739Z] [work-queue] {"queueLength":0,"workRunningCount":1}
[debug] [2021-11-09T19:02:42.107Z] [runtime-status] [10296] Functions runtime initialized. {"cwd":"C:\\Webbprojekt\\persona_deploy\\functions","node_version":"12.18.3"} {"metadata":{"emulator":{"name":"functions"},"function":{"name":"us-central1-api"},"message":"[runtime-status] [10296] Functions runtime initialized. {\"cwd\":\"C:\\\\Webbprojekt\\\\persona_deploy\\\\functions\",\"node_version\":\"12.18.3\"}"}}
[debug] [2021-11-09T19:02:42.109Z] [runtime-status] [10296] Disabled runtime features: undefined {"metadata":{"emulator":{"name":"functions"},"function":{"name":"us-central1-api"},"message":"[runtime-status] [10296] Disabled runtime features: undefined"}}
[debug] [2021-11-09T19:02:42.111Z] [runtime-status] [10296] Resolved module firebase-admin {"declared":true,"installed":true,"version":"9.12.0","resolution":"C:\\Webbprojekt\\persona_deploy\\functions\\node_modules\\firebase-admin\\lib\\index.js"} {"metadata":{"emulator":{"name":"functions"},"function":{"name":"us-central1-api"},"message":"[runtime-status] [10296] Resolved module firebase-admin {\"declared\":true,\"installed\":true,\"version\":\"9.12.0\",\"resolution\":\"C:\\\\Webbprojekt\\\\persona_deploy\\\\functions\\\\node_modules\\\\firebase-admin\\\\lib\\\\index.js\"}"}}
[debug] [2021-11-09T19:02:42.114Z] [runtime-status] [10296] Resolved module firebase-functions {"declared":true,"installed":true,"version":"3.16.0","resolution":"C:\\Webbprojekt\\persona_deploy\\functions\\node_modules\\firebase-functions\\lib\\index.js"} {"metadata":{"emulator":{"name":"functions"},"function":{"name":"us-central1-api"},"message":"[runtime-status] [10296] Resolved module firebase-functions {\"declared\":true,\"installed\":true,\"version\":\"3.16.0\",\"resolution\":\"C:\\\\Webbprojekt\\\\persona_deploy\\\\functions\\\\node_modules\\\\firebase-functions\\\\lib\\\\index.js\"}"}}
[debug] [2021-11-09T19:02:42.115Z] [runtime-status] [10296] Resolved module firebase-functions {"declared":true,"installed":true,"version":"3.16.0","resolution":"C:\\Webbprojekt\\persona_deploy\\functions\\node_modules\\firebase-functions\\lib\\index.js"} {"metadata":{"emulator":{"name":"functions"},"function":{"name":"us-central1-api"},"message":"[runtime-status] [10296] Resolved module firebase-functions {\"declared\":true,\"installed\":true,\"version\":\"3.16.0\",\"resolution\":\"C:\\\\Webbprojekt\\\\persona_deploy\\\\functions\\\\node_modules\\\\firebase-functions\\\\lib\\\\index.js\"}"}}
[debug] [2021-11-09T19:02:42.117Z] [runtime-status] [10296] Outgoing network have been stubbed. [{"name":"http","status":"mocked"},{"name":"http","status":"mocked"},{"name":"https","status":"mocked"},{"name":"https","status":"mocked"},{"name":"net","status":"mocked"}] {"metadata":{"emulator":{"name":"functions"},"function":{"name":"us-central1-api"},"message":"[runtime-status] [10296] Outgoing network have been stubbed. [{\"name\":\"http\",\"status\":\"mocked\"},{\"name\":\"http\",\"status\":\"mocked\"},{\"name\":\"https\",\"status\":\"mocked\"},{\"name\":\"https\",\"status\":\"mocked\"},{\"name\":\"net\",\"status\":\"mocked\"}]"}}
[debug] [2021-11-09T19:02:42.117Z] [runtime-status] [10296] Resolved module firebase-functions {"declared":true,"installed":true,"version":"3.16.0","resolution":"C:\\Webbprojekt\\persona_deploy\\functions\\node_modules\\firebase-functions\\lib\\index.js"} {"metadata":{"emulator":{"name":"functions"},"function":{"name":"us-central1-api"},"message":"[runtime-status] [10296] Resolved module firebase-functions {\"declared\":true,\"installed\":true,\"version\":\"3.16.0\",\"resolution\":\"C:\\\\Webbprojekt\\\\persona_deploy\\\\functions\\\\node_modules\\\\firebase-functions\\\\lib\\\\index.js\"}"}}
[debug] [2021-11-09T19:02:42.155Z] [runtime-status] [10296] Checked functions.config() {"config":{}} {"metadata":{"emulator":{"name":"functions"},"function":{"name":"us-central1-api"},"message":"[runtime-status] [10296] Checked functions.config() {\"config\":{}}"}}
[debug] [2021-11-09T19:02:42.156Z] [runtime-status] [10296] firebase-functions has been stubbed. {"functionsResolution":{"declared":true,"installed":true,"version":"3.16.0","resolution":"C:\\Webbprojekt\\persona_deploy\\functions\\node_modules\\firebase-functions\\lib\\index.js"}} {"metadata":{"emulator":{"name":"functions"},"function":{"name":"us-central1-api"},"message":"[runtime-status] [10296] firebase-functions has been stubbed. {\"functionsResolution\":{\"declared\":true,\"installed\":true,\"version\":\"3.16.0\",\"resolution\":\"C:\\\\Webbprojekt\\\\persona_deploy\\\\functions\\\\node_modules\\\\firebase-functions\\\\lib\\\\index.js\"}}"}}
[debug] [2021-11-09T19:02:42.156Z] [runtime-status] [10296] Resolved module firebase-functions {"declared":true,"installed":true,"version":"3.16.0","resolution":"C:\\Webbprojekt\\persona_deploy\\functions\\node_modules\\firebase-functions\\lib\\index.js"} {"metadata":{"emulator":{"name":"functions"},"function":{"name":"us-central1-api"},"message":"[runtime-status] [10296] Resolved module firebase-functions {\"declared\":true,\"installed\":true,\"version\":\"3.16.0\",\"resolution\":\"C:\\\\Webbprojekt\\\\persona_deploy\\\\functions\\\\node_modules\\\\firebase-functions\\\\lib\\\\index.js\"}"}}
[debug] [2021-11-09T19:02:42.157Z] [runtime-status] [10296] Resolved module firebase-admin {"declared":true,"installed":true,"version":"9.12.0","resolution":"C:\\Webbprojekt\\persona_deploy\\functions\\node_modules\\firebase-admin\\lib\\index.js"} {"metadata":{"emulator":{"name":"functions"},"function":{"name":"us-central1-api"},"message":"[runtime-status] [10296] Resolved module firebase-admin {\"declared\":true,\"installed\":true,\"version\":\"9.12.0\",\"resolution\":\"C:\\\\Webbprojekt\\\\persona_deploy\\\\functions\\\\node_modules\\\\firebase-admin\\\\lib\\\\index.js\"}"}}
[debug] [2021-11-09T19:02:42.158Z] [runtime-status] [10296] Resolved module firebase-functions {"declared":true,"installed":true,"version":"3.16.0","resolution":"C:\\Webbprojekt\\persona_deploy\\functions\\node_modules\\firebase-functions\\lib\\index.js"} {"metadata":{"emulator":{"name":"functions"},"function":{"name":"us-central1-api"},"message":"[runtime-status] [10296] Resolved module firebase-functions {\"declared\":true,\"installed\":true,\"version\":\"3.16.0\",\"resolution\":\"C:\\\\Webbprojekt\\\\persona_deploy\\\\functions\\\\node_modules\\\\firebase-functions\\\\lib\\\\index.js\"}"}}
[debug] [2021-11-09T19:02:42.158Z] [runtime-status] [10296] firebase-admin has been stubbed. {"adminResolution":{"declared":true,"installed":true,"version":"9.12.0","resolution":"C:\\Webbprojekt\\persona_deploy\\functions\\node_modules\\firebase-admin\\lib\\index.js"}} {"metadata":{"emulator":{"name":"functions"},"function":{"name":"us-central1-api"},"message":"[runtime-status] [10296] firebase-admin has been stubbed. {\"adminResolution\":{\"declared\":true,\"installed\":true,\"version\":\"9.12.0\",\"resolution\":\"C:\\\\Webbprojekt\\\\persona_deploy\\\\functions\\\\node_modules\\\\firebase-admin\\\\lib\\\\index.js\"}}"}}
[debug] [2021-11-09T19:02:42.249Z] [runtime-status] [10296] Trigger "us-central1-api" has been found, beginning invocation! {"metadata":{"emulator":{"name":"functions"},"function":{"name":"us-central1-api"},"message":"[runtime-status] [10296] Trigger \"us-central1-api\" has been found, beginning invocation!"}}
[info] i  functions: Beginning execution of "us-central1-api" {"metadata":{"emulator":{"name":"functions"},"function":{"name":"us-central1-api"},"message":"Beginning execution of \"us-central1-api\""}}
[debug] [2021-11-09T19:02:42.249Z] [runtime-status] [10296] triggerDefinition {"httpsTrigger":{},"name":"api","entryPoint":"api","regions":["us-central1"],"region":"us-central1","id":"us-central1-api"} {"metadata":{"emulator":{"name":"functions"},"function":{"name":"us-central1-api"},"message":"[runtime-status] [10296] triggerDefinition {\"httpsTrigger\":{},\"name\":\"api\",\"entryPoint\":\"api\",\"regions\":[\"us-central1\"],\"region\":\"us-central1\",\"id\":\"us-central1-api\"}"}}
[debug] [2021-11-09T19:02:42.250Z] [runtime-status] [10296] Running us-central1-api in mode HTTPS {"metadata":{"emulator":{"name":"functions"},"function":{"name":"us-central1-api"},"message":"[runtime-status] [10296] Running us-central1-api in mode HTTPS"}}
[debug] [2021-11-09T19:02:42.253Z] [runtime-status] [10296] Attempting to listen to socketPath: \\?\pipe\C:\Webbprojekt\persona_deploy\functions\10296 {"metadata":{"emulator":{"name":"functions"},"function":{"name":"us-central1-api"},"message":"[runtime-status] [10296] Attempting to listen to socketPath: \\\\?\\pipe\\C:\\Webbprojekt\\persona_deploy\\functions\\10296"}}
[debug] [2021-11-09T19:02:42.255Z] [functions] Runtime ready! Sending request! {"metadata":{"emulator":{"name":"functions"},"message":"[functions] Runtime ready! Sending request!"}}
[debug] [2021-11-09T19:02:42.255Z] [functions] Got req.url=/persona-5c2e8/us-central1/api/results, mapping to path=/results {"metadata":{"emulator":{"name":"functions"},"message":"[functions] Got req.url=/persona-5c2e8/us-central1/api/results, mapping to path=/results"}}
[debug] [2021-11-09T19:02:42.274Z] [runtime-status] [10296] Ephemeral server handling POST request {"metadata":{"emulator":{"name":"functions"},"function":{"name":"us-central1-api"},"message":"[runtime-status] [10296] Ephemeral server handling POST request"}}
[info] >  Extraversion score: 22 {"user":"Extraversion score: 22","metadata":{"emulator":{"name":"functions"},"function":{"name":"us-central1-api"},"message":"\u001b[90m> \u001b[39m Extraversion score: 22"}}
[info] >  Agreeableness score: 34 {"user":"Agreeableness score: 34","metadata":{"emulator":{"name":"functions"},"function":{"name":"us-central1-api"},"message":"\u001b[90m> \u001b[39m Agreeableness score: 34"}}
[info] >  Conscientiousness score: 78 {"user":"Conscientiousness score: 78","metadata":{"emulator":{"name":"functions"},"function":{"name":"us-central1-api"},"message":"\u001b[90m> \u001b[39m Conscientiousness score: 78"}}
[info] >  Neuroticism score: 84 {"user":"Neuroticism score: 84","metadata":{"emulator":{"name":"functions"},"function":{"name":"us-central1-api"},"message":"\u001b[90m> \u001b[39m Neuroticism score: 84"}}
[info] >  Openness score: 90 {"user":"Openness score: 90","metadata":{"emulator":{"name":"functions"},"function":{"name":"us-central1-api"},"message":"\u001b[90m> \u001b[39m Openness score: 90"}}
[debug] [2021-11-09T19:02:42.279Z] [runtime-status] [10296] Ephemeral server survived. {"metadata":{"emulator":{"name":"functions"},"function":{"name":"us-central1-api"},"message":"[runtime-status] [10296] Ephemeral server survived."}}
[info] i  functions: Finished "us-central1-api" in ~1s {"metadata":{"emulator":{"name":"functions"},"function":{"name":"us-central1-api"},"message":"Finished \"us-central1-api\" in ~1s"}}
[debug] [2021-11-09T19:02:42.280Z] [worker-us-central1-api-3f891112-655b-4086-a4b9-f2296d877bac]: IDLE {"metadata":{"emulator":{"name":"functions"},"message":"[worker-us-central1-api-3f891112-655b-4086-a4b9-f2296d877bac]: IDLE"}}
[debug] [2021-11-09T19:02:42.280Z] [work-queue] {"queueLength":0,"workRunningCount":0}
[debug] [2021-11-09T19:02:58.491Z] [work-queue] {"queueLength":1,"workRunningCount":0}
[debug] [2021-11-09T19:02:58.491Z] [work-queue] {"queueLength":0,"workRunningCount":1}
[debug] [2021-11-09T19:02:58.491Z] Accepted request OPTIONS /persona-5c2e8/us-central1/api/results --> us-central1-api
[debug] [2021-11-09T19:02:58.491Z] [worker-pool] submitWork(triggerId=us-central1-api) {"metadata":{"emulator":{"name":"functions"},"message":"[worker-pool] submitWork(triggerId=us-central1-api)"}}
[debug] [2021-11-09T19:02:58.491Z] [worker-us-central1-api-9389bddb-aec5-4fb1-ae4c-e4294eaaa26f]: Assigning socketPath: \\?\pipe\C:\Webbprojekt\persona_deploy\functions\2548 {"metadata":{"emulator":{"name":"functions"},"message":"[worker-us-central1-api-9389bddb-aec5-4fb1-ae4c-e4294eaaa26f]: Assigning socketPath: \\\\?\\pipe\\C:\\Webbprojekt\\persona_deploy\\functions\\2548"}}
[debug] [2021-11-09T19:02:58.491Z] [worker-us-central1-api-9389bddb-aec5-4fb1-ae4c-e4294eaaa26f]: BUSY {"metadata":{"emulator":{"name":"functions"},"message":"[worker-us-central1-api-9389bddb-aec5-4fb1-ae4c-e4294eaaa26f]: BUSY"}}
[debug] [2021-11-09T19:02:58.492Z] [runtime-status] [2548] Trigger "us-central1-api" has been found, beginning invocation! {"metadata":{"emulator":{"name":"functions"},"function":{"name":"us-central1-api"},"message":"[runtime-status] [2548] Trigger \"us-central1-api\" has been found, beginning invocation!"}}
[info] i  functions: Beginning execution of "us-central1-api" {"metadata":{"emulator":{"name":"functions"},"function":{"name":"us-central1-api"},"message":"Beginning execution of \"us-central1-api\""}}
[debug] [2021-11-09T19:02:58.493Z] [runtime-status] [2548] triggerDefinition {"httpsTrigger":{},"name":"api","entryPoint":"api","regions":["us-central1"],"region":"us-central1","id":"us-central1-api"} {"metadata":{"emulator":{"name":"functions"},"function":{"name":"us-central1-api"},"message":"[runtime-status] [2548] triggerDefinition {\"httpsTrigger\":{},\"name\":\"api\",\"entryPoint\":\"api\",\"regions\":[\"us-central1\"],\"region\":\"us-central1\",\"id\":\"us-central1-api\"}"}}
[debug] [2021-11-09T19:02:58.493Z] [runtime-status] [2548] Running us-central1-api in mode HTTPS {"metadata":{"emulator":{"name":"functions"},"function":{"name":"us-central1-api"},"message":"[runtime-status] [2548] Running us-central1-api in mode HTTPS"}}
[debug] [2021-11-09T19:02:58.493Z] [runtime-status] [2548] Attempting to listen to socketPath: \\?\pipe\C:\Webbprojekt\persona_deploy\functions\2548 {"metadata":{"emulator":{"name":"functions"},"function":{"name":"us-central1-api"},"message":"[runtime-status] [2548] Attempting to listen to socketPath: \\\\?\\pipe\\C:\\Webbprojekt\\persona_deploy\\functions\\2548"}}
[debug] [2021-11-09T19:02:58.494Z] [functions] Runtime ready! Sending request! {"metadata":{"emulator":{"name":"functions"},"message":"[functions] Runtime ready! Sending request!"}}
[debug] [2021-11-09T19:02:58.494Z] [functions] Got req.url=/persona-5c2e8/us-central1/api/results, mapping to path=/results {"metadata":{"emulator":{"name":"functions"},"message":"[functions] Got req.url=/persona-5c2e8/us-central1/api/results, mapping to path=/results"}}
[debug] [2021-11-09T19:02:58.495Z] [runtime-status] [2548] Ephemeral server handling OPTIONS request {"metadata":{"emulator":{"name":"functions"},"function":{"name":"us-central1-api"},"message":"[runtime-status] [2548] Ephemeral server handling OPTIONS request"}}
[debug] [2021-11-09T19:02:58.495Z] [runtime-status] [2548] Ephemeral server survived. {"metadata":{"emulator":{"name":"functions"},"function":{"name":"us-central1-api"},"message":"[runtime-status] [2548] Ephemeral server survived."}}
[info] i  functions: Finished "us-central1-api" in ~1s {"metadata":{"emulator":{"name":"functions"},"function":{"name":"us-central1-api"},"message":"Finished \"us-central1-api\" in ~1s"}}
[debug] [2021-11-09T19:02:58.496Z] [worker-us-central1-api-9389bddb-aec5-4fb1-ae4c-e4294eaaa26f]: IDLE {"metadata":{"emulator":{"name":"functions"},"message":"[worker-us-central1-api-9389bddb-aec5-4fb1-ae4c-e4294eaaa26f]: IDLE"}}
[debug] [2021-11-09T19:02:58.496Z] [work-queue] {"queueLength":0,"workRunningCount":0}
[debug] [2021-11-09T19:02:58.496Z] [work-queue] {"queueLength":1,"workRunningCount":0}
[debug] [2021-11-09T19:02:58.497Z] [work-queue] {"queueLength":0,"workRunningCount":1}
[debug] [2021-11-09T19:02:58.497Z] Accepted request POST /persona-5c2e8/us-central1/api/results --> us-central1-api
[debug] [2021-11-09T19:02:58.497Z] [worker-pool] submitWork(triggerId=us-central1-api) {"metadata":{"emulator":{"name":"functions"},"message":"[worker-pool] submitWork(triggerId=us-central1-api)"}}
[debug] [2021-11-09T19:02:58.497Z] [worker-us-central1-api-9389bddb-aec5-4fb1-ae4c-e4294eaaa26f]: Assigning socketPath: \\?\pipe\C:\Webbprojekt\persona_deploy\functions\2548 {"metadata":{"emulator":{"name":"functions"},"message":"[worker-us-central1-api-9389bddb-aec5-4fb1-ae4c-e4294eaaa26f]: Assigning socketPath: \\\\?\\pipe\\C:\\Webbprojekt\\persona_deploy\\functions\\2548"}}
[debug] [2021-11-09T19:02:58.497Z] [worker-us-central1-api-9389bddb-aec5-4fb1-ae4c-e4294eaaa26f]: BUSY {"metadata":{"emulator":{"name":"functions"},"message":"[worker-us-central1-api-9389bddb-aec5-4fb1-ae4c-e4294eaaa26f]: BUSY"}}
[debug] [2021-11-09T19:02:58.514Z] [runtime-status] [2548] Trigger "us-central1-api" has been found, beginning invocation! {"metadata":{"emulator":{"name":"functions"},"function":{"name":"us-central1-api"},"message":"[runtime-status] [2548] Trigger \"us-central1-api\" has been found, beginning invocation!"}}
[info] i  functions: Beginning execution of "us-central1-api" {"metadata":{"emulator":{"name":"functions"},"function":{"name":"us-central1-api"},"message":"Beginning execution of \"us-central1-api\""}}
[debug] [2021-11-09T19:02:58.514Z] [runtime-status] [2548] triggerDefinition {"httpsTrigger":{},"name":"api","entryPoint":"api","regions":["us-central1"],"region":"us-central1","id":"us-central1-api"} {"metadata":{"emulator":{"name":"functions"},"function":{"name":"us-central1-api"},"message":"[runtime-status] [2548] triggerDefinition {\"httpsTrigger\":{},\"name\":\"api\",\"entryPoint\":\"api\",\"regions\":[\"us-central1\"],\"region\":\"us-central1\",\"id\":\"us-central1-api\"}"}}
[debug] [2021-11-09T19:02:58.515Z] [runtime-status] [2548] Running us-central1-api in mode HTTPS {"metadata":{"emulator":{"name":"functions"},"function":{"name":"us-central1-api"},"message":"[runtime-status] [2548] Running us-central1-api in mode HTTPS"}}
[debug] [2021-11-09T19:02:58.515Z] [runtime-status] [2548] Attempting to listen to socketPath: \\?\pipe\C:\Webbprojekt\persona_deploy\functions\2548 {"metadata":{"emulator":{"name":"functions"},"function":{"name":"us-central1-api"},"message":"[runtime-status] [2548] Attempting to listen to socketPath: \\\\?\\pipe\\C:\\Webbprojekt\\persona_deploy\\functions\\2548"}}
[debug] [2021-11-09T19:02:58.515Z] [functions] Runtime ready! Sending request! {"metadata":{"emulator":{"name":"functions"},"message":"[functions] Runtime ready! Sending request!"}}
[debug] [2021-11-09T19:02:58.515Z] [functions] Got req.url=/persona-5c2e8/us-central1/api/results, mapping to path=/results {"metadata":{"emulator":{"name":"functions"},"message":"[functions] Got req.url=/persona-5c2e8/us-central1/api/results, mapping to path=/results"}}
[debug] [2021-11-09T19:02:58.525Z] [runtime-status] [2548] Ephemeral server handling POST request {"metadata":{"emulator":{"name":"functions"},"function":{"name":"us-central1-api"},"message":"[runtime-status] [2548] Ephemeral server handling POST request"}}
[info] >  Extraversion score: 22 {"user":"Extraversion score: 22","metadata":{"emulator":{"name":"functions"},"function":{"name":"us-central1-api"},"message":"\u001b[90m> \u001b[39m Extraversion score: 22"}}
[info] >  Agreeableness score: 34 {"user":"Agreeableness score: 34","metadata":{"emulator":{"name":"functions"},"function":{"name":"us-central1-api"},"message":"\u001b[90m> \u001b[39m Agreeableness score: 34"}}
[info] >  Conscientiousness score: 78 {"user":"Conscientiousness score: 78","metadata":{"emulator":{"name":"functions"},"function":{"name":"us-central1-api"},"message":"\u001b[90m> \u001b[39m Conscientiousness score: 78"}}
[info] >  Neuroticism score: 84 {"user":"Neuroticism score: 84","metadata":{"emulator":{"name":"functions"},"function":{"name":"us-central1-api"},"message":"\u001b[90m> \u001b[39m Neuroticism score: 84"}}
[info] >  Openness score: 90 {"user":"Openness score: 90","metadata":{"emulator":{"name":"functions"},"function":{"name":"us-central1-api"},"message":"\u001b[90m> \u001b[39m Openness score: 90"}}
[debug] [2021-11-09T19:02:58.528Z] [runtime-status] [2548] Ephemeral server survived. {"metadata":{"emulator":{"name":"functions"},"function":{"name":"us-central1-api"},"message":"[runtime-status] [2548] Ephemeral server survived."}}
[info] i  functions: Finished "us-central1-api" in ~1s {"metadata":{"emulator":{"name":"functions"},"function":{"name":"us-central1-api"},"message":"Finished \"us-central1-api\" in ~1s"}}
[debug] [2021-11-09T19:02:58.529Z] [worker-us-central1-api-9389bddb-aec5-4fb1-ae4c-e4294eaaa26f]: IDLE {"metadata":{"emulator":{"name":"functions"},"message":"[worker-us-central1-api-9389bddb-aec5-4fb1-ae4c-e4294eaaa26f]: IDLE"}}
[debug] [2021-11-09T19:02:58.529Z] [work-queue] {"queueLength":0,"workRunningCount":0}
[debug] [2021-11-09T19:03:29.608Z] [work-queue] {"queueLength":1,"workRunningCount":0}
[debug] [2021-11-09T19:03:29.608Z] [work-queue] {"queueLength":0,"workRunningCount":1}
[debug] [2021-11-09T19:03:29.609Z] Accepted request OPTIONS /persona-5c2e8/us-central1/api/results --> us-central1-api
[debug] [2021-11-09T19:03:29.609Z] [worker-pool] submitWork(triggerId=us-central1-api) {"metadata":{"emulator":{"name":"functions"},"message":"[worker-pool] submitWork(triggerId=us-central1-api)"}}
[debug] [2021-11-09T19:03:29.609Z] [worker-us-central1-api-9389bddb-aec5-4fb1-ae4c-e4294eaaa26f]: Assigning socketPath: \\?\pipe\C:\Webbprojekt\persona_deploy\functions\2548 {"metadata":{"emulator":{"name":"functions"},"message":"[worker-us-central1-api-9389bddb-aec5-4fb1-ae4c-e4294eaaa26f]: Assigning socketPath: \\\\?\\pipe\\C:\\Webbprojekt\\persona_deploy\\functions\\2548"}}
[debug] [2021-11-09T19:03:29.609Z] [worker-us-central1-api-9389bddb-aec5-4fb1-ae4c-e4294eaaa26f]: BUSY {"metadata":{"emulator":{"name":"functions"},"message":"[worker-us-central1-api-9389bddb-aec5-4fb1-ae4c-e4294eaaa26f]: BUSY"}}
[debug] [2021-11-09T19:03:29.610Z] [runtime-status] [2548] Trigger "us-central1-api" has been found, beginning invocation! {"metadata":{"emulator":{"name":"functions"},"function":{"name":"us-central1-api"},"message":"[runtime-status] [2548] Trigger \"us-central1-api\" has been found, beginning invocation!"}}
[info] i  functions: Beginning execution of "us-central1-api" {"metadata":{"emulator":{"name":"functions"},"function":{"name":"us-central1-api"},"message":"Beginning execution of \"us-central1-api\""}}
[debug] [2021-11-09T19:03:29.610Z] [runtime-status] [2548] triggerDefinition {"httpsTrigger":{},"name":"api","entryPoint":"api","regions":["us-central1"],"region":"us-central1","id":"us-central1-api"} {"metadata":{"emulator":{"name":"functions"},"function":{"name":"us-central1-api"},"message":"[runtime-status] [2548] triggerDefinition {\"httpsTrigger\":{},\"name\":\"api\",\"entryPoint\":\"api\",\"regions\":[\"us-central1\"],\"region\":\"us-central1\",\"id\":\"us-central1-api\"}"}}
[debug] [2021-11-09T19:03:29.611Z] [runtime-status] [2548] Running us-central1-api in mode HTTPS {"metadata":{"emulator":{"name":"functions"},"function":{"name":"us-central1-api"},"message":"[runtime-status] [2548] Running us-central1-api in mode HTTPS"}}
[debug] [2021-11-09T19:03:29.611Z] [runtime-status] [2548] Attempting to listen to socketPath: \\?\pipe\C:\Webbprojekt\persona_deploy\functions\2548 {"metadata":{"emulator":{"name":"functions"},"function":{"name":"us-central1-api"},"message":"[runtime-status] [2548] Attempting to listen to socketPath: \\\\?\\pipe\\C:\\Webbprojekt\\persona_deploy\\functions\\2548"}}
[debug] [2021-11-09T19:03:29.611Z] [functions] Runtime ready! Sending request! {"metadata":{"emulator":{"name":"functions"},"message":"[functions] Runtime ready! Sending request!"}}
[debug] [2021-11-09T19:03:29.612Z] [functions] Got req.url=/persona-5c2e8/us-central1/api/results, mapping to path=/results {"metadata":{"emulator":{"name":"functions"},"message":"[functions] Got req.url=/persona-5c2e8/us-central1/api/results, mapping to path=/results"}}
[debug] [2021-11-09T19:03:29.613Z] [runtime-status] [2548] Ephemeral server handling OPTIONS request {"metadata":{"emulator":{"name":"functions"},"function":{"name":"us-central1-api"},"message":"[runtime-status] [2548] Ephemeral server handling OPTIONS request"}}
[debug] [2021-11-09T19:03:29.614Z] [runtime-status] [2548] Ephemeral server survived. {"metadata":{"emulator":{"name":"functions"},"function":{"name":"us-central1-api"},"message":"[runtime-status] [2548] Ephemeral server survived."}}
[info] i  functions: Finished "us-central1-api" in ~1s {"metadata":{"emulator":{"name":"functions"},"function":{"name":"us-central1-api"},"message":"Finished \"us-central1-api\" in ~1s"}}
[debug] [2021-11-09T19:03:29.615Z] [worker-us-central1-api-9389bddb-aec5-4fb1-ae4c-e4294eaaa26f]: IDLE {"metadata":{"emulator":{"name":"functions"},"message":"[worker-us-central1-api-9389bddb-aec5-4fb1-ae4c-e4294eaaa26f]: IDLE"}}
[debug] [2021-11-09T19:03:29.615Z] [work-queue] {"queueLength":0,"workRunningCount":0}
[debug] [2021-11-09T19:03:29.615Z] [work-queue] {"queueLength":1,"workRunningCount":0}
[debug] [2021-11-09T19:03:29.615Z] [work-queue] {"queueLength":0,"workRunningCount":1}
[debug] [2021-11-09T19:03:29.615Z] Accepted request POST /persona-5c2e8/us-central1/api/results --> us-central1-api
[debug] [2021-11-09T19:03:29.615Z] [worker-pool] submitWork(triggerId=us-central1-api) {"metadata":{"emulator":{"name":"functions"},"message":"[worker-pool] submitWork(triggerId=us-central1-api)"}}
[debug] [2021-11-09T19:03:29.615Z] [worker-us-central1-api-9389bddb-aec5-4fb1-ae4c-e4294eaaa26f]: Assigning socketPath: \\?\pipe\C:\Webbprojekt\persona_deploy\functions\2548 {"metadata":{"emulator":{"name":"functions"},"message":"[worker-us-central1-api-9389bddb-aec5-4fb1-ae4c-e4294eaaa26f]: Assigning socketPath: \\\\?\\pipe\\C:\\Webbprojekt\\persona_deploy\\functions\\2548"}}
[debug] [2021-11-09T19:03:29.615Z] [worker-us-central1-api-9389bddb-aec5-4fb1-ae4c-e4294eaaa26f]: BUSY {"metadata":{"emulator":{"name":"functions"},"message":"[worker-us-central1-api-9389bddb-aec5-4fb1-ae4c-e4294eaaa26f]: BUSY"}}
[debug] [2021-11-09T19:03:29.638Z] [runtime-status] [2548] Trigger "us-central1-api" has been found, beginning invocation! {"metadata":{"emulator":{"name":"functions"},"function":{"name":"us-central1-api"},"message":"[runtime-status] [2548] Trigger \"us-central1-api\" has been found, beginning invocation!"}}
[info] i  functions: Beginning execution of "us-central1-api" {"metadata":{"emulator":{"name":"functions"},"function":{"name":"us-central1-api"},"message":"Beginning execution of \"us-central1-api\""}}
[debug] [2021-11-09T19:03:29.638Z] [runtime-status] [2548] triggerDefinition {"httpsTrigger":{},"name":"api","entryPoint":"api","regions":["us-central1"],"region":"us-central1","id":"us-central1-api"} {"metadata":{"emulator":{"name":"functions"},"function":{"name":"us-central1-api"},"message":"[runtime-status] [2548] triggerDefinition {\"httpsTrigger\":{},\"name\":\"api\",\"entryPoint\":\"api\",\"regions\":[\"us-central1\"],\"region\":\"us-central1\",\"id\":\"us-central1-api\"}"}}
[debug] [2021-11-09T19:03:29.639Z] [runtime-status] [2548] Running us-central1-api in mode HTTPS {"metadata":{"emulator":{"name":"functions"},"function":{"name":"us-central1-api"},"message":"[runtime-status] [2548] Running us-central1-api in mode HTTPS"}}
[debug] [2021-11-09T19:03:29.639Z] [runtime-status] [2548] Attempting to listen to socketPath: \\?\pipe\C:\Webbprojekt\persona_deploy\functions\2548 {"metadata":{"emulator":{"name":"functions"},"function":{"name":"us-central1-api"},"message":"[runtime-status] [2548] Attempting to listen to socketPath: \\\\?\\pipe\\C:\\Webbprojekt\\persona_deploy\\functions\\2548"}}
[debug] [2021-11-09T19:03:29.639Z] [functions] Runtime ready! Sending request! {"metadata":{"emulator":{"name":"functions"},"message":"[functions] Runtime ready! Sending request!"}}
[debug] [2021-11-09T19:03:29.639Z] [functions] Got req.url=/persona-5c2e8/us-central1/api/results, mapping to path=/results {"metadata":{"emulator":{"name":"functions"},"message":"[functions] Got req.url=/persona-5c2e8/us-central1/api/results, mapping to path=/results"}}
[debug] [2021-11-09T19:03:29.640Z] [runtime-status] [2548] Ephemeral server handling POST request {"metadata":{"emulator":{"name":"functions"},"function":{"name":"us-central1-api"},"message":"[runtime-status] [2548] Ephemeral server handling POST request"}}
[info] >  Extraversion score: 22 {"user":"Extraversion score: 22","metadata":{"emulator":{"name":"functions"},"function":{"name":"us-central1-api"},"message":"\u001b[90m> \u001b[39m Extraversion score: 22"}}
[info] >  Agreeableness score: 34 {"user":"Agreeableness score: 34","metadata":{"emulator":{"name":"functions"},"function":{"name":"us-central1-api"},"message":"\u001b[90m> \u001b[39m Agreeableness score: 34"}}
[debug] [2021-11-09T19:03:29.641Z] [runtime-status] [2548] Ephemeral server survived. {"metadata":{"emulator":{"name":"functions"},"function":{"name":"us-central1-api"},"message":"[runtime-status] [2548] Ephemeral server survived."}}
[info] >  Conscientiousness score: 78 {"user":"Conscientiousness score: 78","metadata":{"emulator":{"name":"functions"},"function":{"name":"us-central1-api"},"message":"\u001b[90m> \u001b[39m Conscientiousness score: 78"}}
[info] >  Neuroticism score: 84 {"user":"Neuroticism score: 84","metadata":{"emulator":{"name":"functions"},"function":{"name":"us-central1-api"},"message":"\u001b[90m> \u001b[39m Neuroticism score: 84"}}
[info] >  Openness score: 90 {"user":"Openness score: 90","metadata":{"emulator":{"name":"functions"},"function":{"name":"us-central1-api"},"message":"\u001b[90m> \u001b[39m Openness score: 90"}}
[info] i  functions: Finished "us-central1-api" in ~1s {"metadata":{"emulator":{"name":"functions"},"function":{"name":"us-central1-api"},"message":"Finished \"us-central1-api\" in ~1s"}}
[debug] [2021-11-09T19:03:29.643Z] [worker-us-central1-api-9389bddb-aec5-4fb1-ae4c-e4294eaaa26f]: IDLE {"metadata":{"emulator":{"name":"functions"},"message":"[worker-us-central1-api-9389bddb-aec5-4fb1-ae4c-e4294eaaa26f]: IDLE"}}
[debug] [2021-11-09T19:03:29.643Z] [work-queue] {"queueLength":0,"workRunningCount":0}
[debug] [2021-11-09T19:08:33.402Z] [work-queue] {"queueLength":1,"workRunningCount":0}
[debug] [2021-11-09T19:08:33.402Z] [work-queue] {"queueLength":0,"workRunningCount":1}
[debug] [2021-11-09T19:08:33.402Z] Accepted request OPTIONS /persona-5c2e8/us-central1/api/results --> us-central1-api
[debug] [2021-11-09T19:08:33.402Z] [worker-pool] submitWork(triggerId=us-central1-api) {"metadata":{"emulator":{"name":"functions"},"message":"[worker-pool] submitWork(triggerId=us-central1-api)"}}
[debug] [2021-11-09T19:08:33.402Z] [worker-us-central1-api-9389bddb-aec5-4fb1-ae4c-e4294eaaa26f]: Assigning socketPath: \\?\pipe\C:\Webbprojekt\persona_deploy\functions\2548 {"metadata":{"emulator":{"name":"functions"},"message":"[worker-us-central1-api-9389bddb-aec5-4fb1-ae4c-e4294eaaa26f]: Assigning socketPath: \\\\?\\pipe\\C:\\Webbprojekt\\persona_deploy\\functions\\2548"}}
[debug] [2021-11-09T19:08:33.402Z] [worker-us-central1-api-9389bddb-aec5-4fb1-ae4c-e4294eaaa26f]: BUSY {"metadata":{"emulator":{"name":"functions"},"message":"[worker-us-central1-api-9389bddb-aec5-4fb1-ae4c-e4294eaaa26f]: BUSY"}}
[debug] [2021-11-09T19:08:33.403Z] [runtime-status] [2548] Trigger "us-central1-api" has been found, beginning invocation! {"metadata":{"emulator":{"name":"functions"},"function":{"name":"us-central1-api"},"message":"[runtime-status] [2548] Trigger \"us-central1-api\" has been found, beginning invocation!"}}
[info] i  functions: Beginning execution of "us-central1-api" {"metadata":{"emulator":{"name":"functions"},"function":{"name":"us-central1-api"},"message":"Beginning execution of \"us-central1-api\""}}
[debug] [2021-11-09T19:08:33.403Z] [runtime-status] [2548] triggerDefinition {"httpsTrigger":{},"name":"api","entryPoint":"api","regions":["us-central1"],"region":"us-central1","id":"us-central1-api"} {"metadata":{"emulator":{"name":"functions"},"function":{"name":"us-central1-api"},"message":"[runtime-status] [2548] triggerDefinition {\"httpsTrigger\":{},\"name\":\"api\",\"entryPoint\":\"api\",\"regions\":[\"us-central1\"],\"region\":\"us-central1\",\"id\":\"us-central1-api\"}"}}
[debug] [2021-11-09T19:08:33.403Z] [runtime-status] [2548] Running us-central1-api in mode HTTPS {"metadata":{"emulator":{"name":"functions"},"function":{"name":"us-central1-api"},"message":"[runtime-status] [2548] Running us-central1-api in mode HTTPS"}}
[debug] [2021-11-09T19:08:33.403Z] [runtime-status] [2548] Attempting to listen to socketPath: \\?\pipe\C:\Webbprojekt\persona_deploy\functions\2548 {"metadata":{"emulator":{"name":"functions"},"function":{"name":"us-central1-api"},"message":"[runtime-status] [2548] Attempting to listen to socketPath: \\\\?\\pipe\\C:\\Webbprojekt\\persona_deploy\\functions\\2548"}}
[debug] [2021-11-09T19:08:33.404Z] [functions] Runtime ready! Sending request! {"metadata":{"emulator":{"name":"functions"},"message":"[functions] Runtime ready! Sending request!"}}
[debug] [2021-11-09T19:08:33.404Z] [functions] Got req.url=/persona-5c2e8/us-central1/api/results, mapping to path=/results {"metadata":{"emulator":{"name":"functions"},"message":"[functions] Got req.url=/persona-5c2e8/us-central1/api/results, mapping to path=/results"}}
[debug] [2021-11-09T19:08:33.405Z] [runtime-status] [2548] Ephemeral server handling OPTIONS request {"metadata":{"emulator":{"name":"functions"},"function":{"name":"us-central1-api"},"message":"[runtime-status] [2548] Ephemeral server handling OPTIONS request"}}
[debug] [2021-11-09T19:08:33.406Z] [runtime-status] [2548] Ephemeral server survived. {"metadata":{"emulator":{"name":"functions"},"function":{"name":"us-central1-api"},"message":"[runtime-status] [2548] Ephemeral server survived."}}
[info] i  functions: Finished "us-central1-api" in ~1s {"metadata":{"emulator":{"name":"functions"},"function":{"name":"us-central1-api"},"message":"Finished \"us-central1-api\" in ~1s"}}
[debug] [2021-11-09T19:08:33.406Z] [worker-us-central1-api-9389bddb-aec5-4fb1-ae4c-e4294eaaa26f]: IDLE {"metadata":{"emulator":{"name":"functions"},"message":"[worker-us-central1-api-9389bddb-aec5-4fb1-ae4c-e4294eaaa26f]: IDLE"}}
[debug] [2021-11-09T19:08:33.406Z] [work-queue] {"queueLength":0,"workRunningCount":0}
[debug] [2021-11-09T19:08:33.407Z] [work-queue] {"queueLength":1,"workRunningCount":0}
[debug] [2021-11-09T19:08:33.407Z] [work-queue] {"queueLength":0,"workRunningCount":1}
[debug] [2021-11-09T19:08:33.407Z] Accepted request POST /persona-5c2e8/us-central1/api/results --> us-central1-api
[debug] [2021-11-09T19:08:33.407Z] [worker-pool] submitWork(triggerId=us-central1-api) {"metadata":{"emulator":{"name":"functions"},"message":"[worker-pool] submitWork(triggerId=us-central1-api)"}}
[debug] [2021-11-09T19:08:33.407Z] [worker-us-central1-api-9389bddb-aec5-4fb1-ae4c-e4294eaaa26f]: Assigning socketPath: \\?\pipe\C:\Webbprojekt\persona_deploy\functions\2548 {"metadata":{"emulator":{"name":"functions"},"message":"[worker-us-central1-api-9389bddb-aec5-4fb1-ae4c-e4294eaaa26f]: Assigning socketPath: \\\\?\\pipe\\C:\\Webbprojekt\\persona_deploy\\functions\\2548"}}
[debug] [2021-11-09T19:08:33.407Z] [worker-us-central1-api-9389bddb-aec5-4fb1-ae4c-e4294eaaa26f]: BUSY {"metadata":{"emulator":{"name":"functions"},"message":"[worker-us-central1-api-9389bddb-aec5-4fb1-ae4c-e4294eaaa26f]: BUSY"}}
[debug] [2021-11-09T19:08:33.416Z] [runtime-status] [2548] Trigger "us-central1-api" has been found, beginning invocation! {"metadata":{"emulator":{"name":"functions"},"function":{"name":"us-central1-api"},"message":"[runtime-status] [2548] Trigger \"us-central1-api\" has been found, beginning invocation!"}}
[info] i  functions: Beginning execution of "us-central1-api" {"metadata":{"emulator":{"name":"functions"},"function":{"name":"us-central1-api"},"message":"Beginning execution of \"us-central1-api\""}}
[debug] [2021-11-09T19:08:33.417Z] [runtime-status] [2548] triggerDefinition {"httpsTrigger":{},"name":"api","entryPoint":"api","regions":["us-central1"],"region":"us-central1","id":"us-central1-api"} {"metadata":{"emulator":{"name":"functions"},"function":{"name":"us-central1-api"},"message":"[runtime-status] [2548] triggerDefinition {\"httpsTrigger\":{},\"name\":\"api\",\"entryPoint\":\"api\",\"regions\":[\"us-central1\"],\"region\":\"us-central1\",\"id\":\"us-central1-api\"}"}}
[debug] [2021-11-09T19:08:33.417Z] [runtime-status] [2548] Running us-central1-api in mode HTTPS {"metadata":{"emulator":{"name":"functions"},"function":{"name":"us-central1-api"},"message":"[runtime-status] [2548] Running us-central1-api in mode HTTPS"}}
[debug] [2021-11-09T19:08:33.417Z] [runtime-status] [2548] Attempting to listen to socketPath: \\?\pipe\C:\Webbprojekt\persona_deploy\functions\2548 {"metadata":{"emulator":{"name":"functions"},"function":{"name":"us-central1-api"},"message":"[runtime-status] [2548] Attempting to listen to socketPath: \\\\?\\pipe\\C:\\Webbprojekt\\persona_deploy\\functions\\2548"}}
[debug] [2021-11-09T19:08:33.418Z] [functions] Runtime ready! Sending request! {"metadata":{"emulator":{"name":"functions"},"message":"[functions] Runtime ready! Sending request!"}}
[debug] [2021-11-09T19:08:33.418Z] [functions] Got req.url=/persona-5c2e8/us-central1/api/results, mapping to path=/results {"metadata":{"emulator":{"name":"functions"},"message":"[functions] Got req.url=/persona-5c2e8/us-central1/api/results, mapping to path=/results"}}
[debug] [2021-11-09T19:08:33.419Z] [runtime-status] [2548] Ephemeral server handling POST request {"metadata":{"emulator":{"name":"functions"},"function":{"name":"us-central1-api"},"message":"[runtime-status] [2548] Ephemeral server handling POST request"}}
[info] >  Extraversion score: 22 {"user":"Extraversion score: 22","metadata":{"emulator":{"name":"functions"},"function":{"name":"us-central1-api"},"message":"\u001b[90m> \u001b[39m Extraversion score: 22"}}
[info] >  Agreeableness score: 34 {"user":"Agreeableness score: 34","metadata":{"emulator":{"name":"functions"},"function":{"name":"us-central1-api"},"message":"\u001b[90m> \u001b[39m Agreeableness score: 34"}}
[info] >  Conscientiousness score: 78 {"user":"Conscientiousness score: 78","metadata":{"emulator":{"name":"functions"},"function":{"name":"us-central1-api"},"message":"\u001b[90m> \u001b[39m Conscientiousness score: 78"}}
[info] >  Neuroticism score: 84 {"user":"Neuroticism score: 84","metadata":{"emulator":{"name":"functions"},"function":{"name":"us-central1-api"},"message":"\u001b[90m> \u001b[39m Neuroticism score: 84"}}
[info] >  Openness score: 90 {"user":"Openness score: 90","metadata":{"emulator":{"name":"functions"},"function":{"name":"us-central1-api"},"message":"\u001b[90m> \u001b[39m Openness score: 90"}}
[debug] [2021-11-09T19:08:33.421Z] [runtime-status] [2548] Ephemeral server survived. {"metadata":{"emulator":{"name":"functions"},"function":{"name":"us-central1-api"},"message":"[runtime-status] [2548] Ephemeral server survived."}}
[info] i  functions: Finished "us-central1-api" in ~1s {"metadata":{"emulator":{"name":"functions"},"function":{"name":"us-central1-api"},"message":"Finished \"us-central1-api\" in ~1s"}}
[debug] [2021-11-09T19:08:33.421Z] [worker-us-central1-api-9389bddb-aec5-4fb1-ae4c-e4294eaaa26f]: IDLE {"metadata":{"emulator":{"name":"functions"},"message":"[worker-us-central1-api-9389bddb-aec5-4fb1-ae4c-e4294eaaa26f]: IDLE"}}
[debug] [2021-11-09T19:08:33.421Z] [work-queue] {"queueLength":0,"workRunningCount":0}
